# JRE version: Java(TM) SE Runtime Environment (8.0_91-b15) (build 1.8.0_91-b15)
# Java VM: Java HotSpot(TM) 64-Bit Server VM (25.91-b15 mixed mode windows-amd64 compressed oops)
Heap:
 PSYoungGen      total 329728K, used 90847K [0x00000000eab00000, 0x00000000fff80000, 0x0000000100000000)
  eden space 310784K, 29% used [0x00000000eab00000,0x00000000f03b7d20,0x00000000fda80000)
  from space 18944K, 0% used [0x00000000fed00000,0x00000000fed00000,0x00000000fff80000)
  to   space 18944K, 0% used [0x00000000fda80000,0x00000000fda80000,0x00000000fed00000)
 ParOldGen       total 90624K, used 50632K [0x00000000c0000000, 0x00000000c5880000, 0x00000000eab00000)
  object space 90624K, 55% used [0x00000000c0000000,0x00000000c31720d8,0x00000000c5880000)
 Metaspace       used 53884K, capacity 58636K, committed 59176K, reserved 1099776K
  class space    used 7253K, capacity 8589K, committed 8744K, reserved 1048576K
GC Heap History (10 events):
Event: 519.893 GC heap before
{Heap before GC invocations=25 (full 5):
 PSYoungGen      total 329216K, used 1264K [0x00000000eab00000, 0x0000000100000000, 0x0000000100000000)
  eden space 309248K, 0% used [0x00000000eab00000,0x00000000eab00000,0x00000000fd900000)
  from space 19968K, 6% used [0x00000000fec80000,0x00000000fedbc010,0x0000000100000000)
  to   space 19968K, 0% used [0x00000000fd900000,0x00000000fd900000,0x00000000fec80000)
 ParOldGen       total 90624K, used 56821K [0x00000000c0000000, 0x00000000c5880000, 0x00000000eab00000)
  object space 90624K, 62% used [0x00000000c0000000,0x00000000c377d438,0x00000000c5880000)
 Metaspace       used 48579K, capacity 52760K, committed 52904K, reserved 1093632K
  class space    used 6675K, capacity 7990K, committed 8104K, reserved 1048576K
Event: 520.262 GC heap after
Heap after GC invocations=25 (full 5):
 PSYoungGen      total 329216K, used 0K [0x00000000eab00000, 0x0000000100000000, 0x0000000100000000)
  eden space 309248K, 0% used [0x00000000eab00000,0x00000000eab00000,0x00000000fd900000)
  from space 19968K, 0% used [0x00000000fec80000,0x00000000fec80000,0x0000000100000000)
  to   space 19968K, 0% used [0x00000000fd900000,0x00000000fd900000,0x00000000fec80000)
 ParOldGen       total 90624K, used 57401K [0x00000000c0000000, 0x00000000c5880000, 0x00000000eab00000)
  object space 90624K, 63% used [0x00000000c0000000,0x00000000c380e610,0x00000000c5880000)
 Metaspace       used 48546K, capacity 52646K, committed 52904K, reserved 1093632K
  class space    used 6667K, capacity 7956K, committed 8104K, reserved 1048576K
}
Event: 1207.046 GC heap before
{Heap before GC invocations=26 (full 5):
 PSYoungGen      total 329216K, used 205640K [0x00000000eab00000, 0x0000000100000000, 0x0000000100000000)
  eden space 309248K, 66% used [0x00000000eab00000,0x00000000f73d2320,0x00000000fd900000)
  from space 19968K, 0% used [0x00000000fec80000,0x00000000fec80000,0x0000000100000000)
  to   space 19968K, 0% used [0x00000000fd900000,0x00000000fd900000,0x00000000fec80000)
 ParOldGen       total 90624K, used 57401K [0x00000000c0000000, 0x00000000c5880000, 0x00000000eab00000)
  object space 90624K, 63% used [0x00000000c0000000,0x00000000c380e610,0x00000000c5880000)
 Metaspace       used 49168K, capacity 54010K, committed 54056K, reserved 1095680K
  class space    used 6761K, capacity 8200K, committed 8232K, reserved 1048576K
Event: 1207.076 GC heap after
Heap after GC invocations=26 (full 5):
 PSYoungGen      total 329216K, used 2320K [0x00000000eab00000, 0x0000000100000000, 0x0000000100000000)
  eden space 309248K, 0% used [0x00000000eab00000,0x00000000eab00000,0x00000000fd900000)
  from space 19968K, 11% used [0x00000000fd900000,0x00000000fdb44030,0x00000000fec80000)
  to   space 19456K, 0% used [0x00000000fed00000,0x00000000fed00000,0x0000000100000000)
 ParOldGen       total 90624K, used 57409K [0x00000000c0000000, 0x00000000c5880000, 0x00000000eab00000)
  object space 90624K, 63% used [0x00000000c0000000,0x00000000c3810610,0x00000000c5880000)
 Metaspace       used 49168K, capacity 54010K, committed 54056K, reserved 1095680K
  class space    used 6761K, capacity 8200K, committed 8232K, reserved 1048576K
}
Event: 1207.076 GC heap before
{Heap before GC invocations=27 (full 6):
 PSYoungGen      total 329216K, used 2320K [0x00000000eab00000, 0x0000000100000000, 0x0000000100000000)
  eden space 309248K, 0% used [0x00000000eab00000,0x00000000eab00000,0x00000000fd900000)
  from space 19968K, 11% used [0x00000000fd900000,0x00000000fdb44030,0x00000000fec80000)
  to   space 19456K, 0% used [0x00000000fed00000,0x00000000fed00000,0x0000000100000000)
 ParOldGen       total 90624K, used 57409K [0x00000000c0000000, 0x00000000c5880000, 0x00000000eab00000)
  object space 90624K, 63% used [0x00000000c0000000,0x00000000c3810610,0x00000000c5880000)
 Metaspace       used 49168K, capacity 54010K, committed 54056K, reserved 1095680K
  class space    used 6761K, capacity 8200K, committed 8232K, reserved 1048576K
Event: 1207.367 GC heap after
Heap after GC invocations=27 (full 6):
 PSYoungGen      total 329216K, used 0K [0x00000000eab00000, 0x0000000100000000, 0x0000000100000000)
  eden space 309248K, 0% used [0x00000000eab00000,0x00000000eab00000,0x00000000fd900000)
  from space 19968K, 0% used [0x00000000fd900000,0x00000000fd900000,0x00000000fec80000)
  to   space 19456K, 0% used [0x00000000fed00000,0x00000000fed00000,0x0000000100000000)
 ParOldGen       total 90624K, used 43735K [0x00000000c0000000, 0x00000000c5880000, 0x00000000eab00000)
  object space 90624K, 48% used [0x00000000c0000000,0x00000000c2ab5d90,0x00000000c5880000)
 Metaspace       used 47754K, capacity 51716K, committed 54056K, reserved 1095680K
  class space    used 6490K, capacity 7670K, committed 8232K, reserved 1048576K
}
Event: 1738.996 GC heap before
{Heap before GC invocations=28 (full 6):
 PSYoungGen      total 329216K, used 254790K [0x00000000eab00000, 0x0000000100000000, 0x0000000100000000)
  eden space 309248K, 82% used [0x00000000eab00000,0x00000000fa3d1b98,0x00000000fd900000)
  from space 19968K, 0% used [0x00000000fd900000,0x00000000fd900000,0x00000000fec80000)
  to   space 19456K, 0% used [0x00000000fed00000,0x00000000fed00000,0x0000000100000000)
 ParOldGen       total 90624K, used 43735K [0x00000000c0000000, 0x00000000c5880000, 0x00000000eab00000)
  object space 90624K, 48% used [0x00000000c0000000,0x00000000c2ab5d90,0x00000000c5880000)
 Metaspace       used 53713K, capacity 58430K, committed 59176K, reserved 1099776K
  class space    used 7234K, capacity 8566K, committed 8744K, reserved 1048576K
Event: 1739.028 GC heap after
Heap after GC invocations=28 (full 6):
 PSYoungGen      total 329728K, used 9363K [0x00000000eab00000, 0x00000000fff80000, 0x0000000100000000)
  eden space 310784K, 0% used [0x00000000eab00000,0x00000000eab00000,0x00000000fda80000)
  from space 18944K, 49% used [0x00000000fed00000,0x00000000ff624f68,0x00000000fff80000)
  to   space 18944K, 0% used [0x00000000fda80000,0x00000000fda80000,0x00000000fed00000)
 ParOldGen       total 90624K, used 43743K [0x00000000c0000000, 0x00000000c5880000, 0x00000000eab00000)
  object space 90624K, 48% used [0x00000000c0000000,0x00000000c2ab7d90,0x00000000c5880000)
 Metaspace       used 53713K, capacity 58430K, committed 59176K, reserved 1099776K
  class space    used 7234K, capacity 8566K, committed 8744K, reserved 1048576K
}
Event: 1739.028 GC heap before
{Heap before GC invocations=29 (full 7):
 PSYoungGen      total 329728K, used 9363K [0x00000000eab00000, 0x00000000fff80000, 0x0000000100000000)
  eden space 310784K, 0% used [0x00000000eab00000,0x00000000eab00000,0x00000000fda80000)
  from space 18944K, 49% used [0x00000000fed00000,0x00000000ff624f68,0x00000000fff80000)
  to   space 18944K, 0% used [0x00000000fda80000,0x00000000fda80000,0x00000000fed00000)
 ParOldGen       total 90624K, used 43743K [0x00000000c0000000, 0x00000000c5880000, 0x00000000eab00000)
  object space 90624K, 48% used [0x00000000c0000000,0x00000000c2ab7d90,0x00000000c5880000)
 Metaspace       used 53713K, capacity 58430K, committed 59176K, reserved 1099776K
  class space    used 7234K, capacity 8566K, committed 8744K, reserved 1048576K
Event: 1739.613 GC heap after
Heap after GC invocations=29 (full 7):
 PSYoungGen      total 329728K, used 0K [0x00000000eab00000, 0x00000000fff80000, 0x0000000100000000)
  eden space 310784K, 0% used [0x00000000eab00000,0x00000000eab00000,0x00000000fda80000)
  from space 18944K, 0% used [0x00000000fed00000,0x00000000fed00000,0x00000000fff80000)
  to   space 18944K, 0% used [0x00000000fda80000,0x00000000fda80000,0x00000000fed00000)
 ParOldGen       total 90624K, used 50632K [0x00000000c0000000, 0x00000000c5880000, 0x00000000eab00000)
  object space 90624K, 55% used [0x00000000c0000000,0x00000000c31720d8,0x00000000c5880000)
 Metaspace       used 53646K, capacity 58202K, committed 59176K, reserved 1099776K
  class space    used 7218K, capacity 8498K, committed 8744K, reserved 1048576K
}

